<?xml version="1.0" encoding="UTF-8"?>
<!-- Generated by org.testng.reporters.JUnitXMLReporter -->
<testsuite ignored="0" hostname="DESKTOP-V3JT8I7" failures="0" tests="4" name="Login Page Test" time="36.257" errors="0" timestamp="2025-03-13T15:59:51 IST">
  <testcase classname="testcases.NewLoginPageTest" name="loginTest" time="4.081"/>
  <testcase classname="testcases.NewLoginPageTest" name="loginTest" time="6.643"/>
  <testcase classname="testcases.NewLoginPageTest" name="loginTest" time="1.34"/>
  <testcase classname="testcases.NewLoginPageTest" name="loginTest" time="2.606"/>
</testsuite> <!-- Login Page Test -->
