<?xml version="1.0" encoding="UTF-8"?>
<!-- Generated by org.testng.reporters.JUnitXMLReporter -->
<testsuite ignored="0" hostname="DESKTOP-V3JT8I7" failures="3" tests="4" name="Login Page Test" time="67.413" errors="0" timestamp="2024-10-07T11:32:26 IST">
  <testcase classname="testcases.LoginPageTest" name="testLogin" time="13.81">
    <failure type="java.lang.AssertionError" message="Invalid OTP entered, login failed. Timeline not appearing.">
      <![CDATA[java.lang.AssertionError: Invalid OTP entered, login failed. Timeline not appearing.
at pages1.OtpPage.verifyOtp(OtpPage.java:21)
at testcases.LoginPageTest.testLogin(LoginPageTest.java:36)
at java.base/java.util.ArrayList.forEach(ArrayList.java:1597)
... Removed 26 stack frames]]>
    </failure>
  </testcase> <!-- testLogin -->
  <testcase classname="testcases.LoginPageTest" name="testLogin" time="12.358">
    <failure type="java.lang.AssertionError" message="Invalid OTP entered, login failed. Timeline not appearing.">
      <![CDATA[java.lang.AssertionError: Invalid OTP entered, login failed. Timeline not appearing.
at pages1.OtpPage.verifyOtp(OtpPage.java:21)
at testcases.LoginPageTest.testLogin(LoginPageTest.java:36)
at java.base/java.util.ArrayList.forEach(ArrayList.java:1597)
... Removed 26 stack frames]]>
    </failure>
  </testcase> <!-- testLogin -->
  <testcase classname="testcases.LoginPageTest" name="testLogin" time="7.194"/>
  <testcase classname="testcases.LoginPageTest" name="testLogin" time="12.519">
    <failure type="java.lang.AssertionError" message="Invalid OTP entered, login failed. Timeline not appearing.">
      <![CDATA[java.lang.AssertionError: Invalid OTP entered, login failed. Timeline not appearing.
at pages1.OtpPage.verifyOtp(OtpPage.java:21)
at testcases.LoginPageTest.testLogin(LoginPageTest.java:36)
at java.base/java.util.ArrayList.forEach(ArrayList.java:1597)
... Removed 26 stack frames]]>
    </failure>
  </testcase> <!-- testLogin -->
</testsuite> <!-- Login Page Test -->
